2022-10-30T11:42:00.2540768+01:00  [INF] Starting IdentityServer4 version "4.1.2+997a6cdd643e46cd5762b710c4ddc43574cbec2e" (8add0571)
2022-10-30T11:42:00.3721821+01:00  [INF] You are using the in-memory version of the persisted grant store. This will store consent decisions, authorization codes, refresh and reference tokens in memory only. If you are using any of those features in production, you want to switch to a different store implementation. (553c312b)
2022-10-30T11:42:00.3815342+01:00  [INF] Using the default authentication scheme "Bearer" for IdentityServer (4a54f457)
2022-10-30T11:42:00.3840084+01:00  [INF] Authentication scheme "Bearer" is configured for IdentityServer, but it is not a scheme that supports signin (like cookies). If you support interactive logins via the browser, then a cookie-based scheme should be used. (70b7fc41)
2022-10-30T11:42:09.3414256+01:00  [INF] Generating inbuilt accounts (d5983574)
2022-10-30T11:42:09.5616109+01:00  [INF] Generating default role: administrator (6378380e)
2022-10-30T11:42:10.0825495+01:00  [INF] Generating default role: user (66af5219)
2022-10-30T11:42:10.0954948+01:00  [INF] Generating default user: admin (e9745755)
2022-10-30T11:42:10.3811463+01:00  [INF] Generating default user: user (40664e01)
2022-10-30T11:42:10.4050672+01:00  [INF] Inbuilt account generation completed (a663d88d)
2022-10-30T11:42:10.4160839+01:00  [INF] Seeding demo data (450ab6b6)
2022-10-30T11:42:10.7305720+01:00  [INF] Seeding demo data completed (9ad589ff)
2022-10-30T11:42:11.4256776+01:00  [INF] Now listening on: "https://localhost:44350" (d826f4b8)
2022-10-30T11:42:11.4285242+01:00  [INF] Now listening on: "http://localhost:5050" (d826f4b8)
2022-10-30T11:42:11.4312599+01:00  [INF] Application started. Press Ctrl+C to shut down. (dcaefe54)
2022-10-30T11:42:11.4337010+01:00  [INF] Hosting environment: "Development" (c3307c92)
2022-10-30T11:42:11.4358601+01:00  [INF] Content root path: "C:\Users\Admin\source\repos\Gmina\Gmina\Gmina\" (b5d60022)
2022-10-30T11:42:19.5593835+01:00 0HMLQCDJEHEAO:00000001 [INF] No SPA development server running at https://localhost:44450 found. (faa82a70)
2022-10-30T11:42:19.7906518+01:00 0HMLQCDJEHEAO:00000001 [INF] SPA proxy is not ready. Returning temporary landing page. (72ef90a5)
2022-10-30T11:42:27.8872265+01:00 0HMLQCDJEHEAO:00000005 [INF] SPA proxy is not ready. Returning temporary landing page. (72ef90a5)
2022-10-30T11:42:35.7955223+01:00 0HMLQCDJEHEAO:00000007 [INF] SPA proxy is not ready. Returning temporary landing page. (72ef90a5)
2022-10-30T11:42:43.3740084+01:00 0HMLQCDJEHEAO:00000009 [INF] SPA proxy is not ready. Returning temporary landing page. (72ef90a5)
2022-10-30T11:42:51.0314968+01:00 0HMLQCDJEHEAO:0000000B [INF] SPA proxy is not ready. Returning temporary landing page. (72ef90a5)
2022-10-30T11:43:04.4139126+01:00 0HMLQCDJEHEAO:0000000D [INF] SPA proxy is not ready. Returning temporary landing page. (72ef90a5)
2022-10-30T11:43:18.1911222+01:00 0HMLQCDJEHEAO:0000000F [INF] SPA proxy is not ready. Returning temporary landing page. (72ef90a5)
2022-10-30T11:43:31.8381643+01:00 0HMLQCDJEHEAO:00000011 [INF] SPA proxy is not ready. Returning temporary landing page. (72ef90a5)
2022-10-30T11:43:46.3160872+01:00 0HMLQCDJEHEAO:00000013 [INF] SPA proxy is not ready. Returning temporary landing page. (72ef90a5)
2022-10-30T11:43:59.1893648+01:00 0HMLQCDJEHEAO:00000015 [INF] SPA proxy is ready. Redirecting to https://localhost:44450. (8ea0a81a)
2022-10-30T11:43:59.2179464+01:00 0HMLQCDJEHEAO:00000001 [INF] SPA development server running at 'https://localhost:44450' (88247629)
2022-10-30T11:54:27.2103697+01:00  [INF] Starting IdentityServer4 version "4.1.2+997a6cdd643e46cd5762b710c4ddc43574cbec2e" (8add0571)
2022-10-30T11:54:27.2531835+01:00  [INF] You are using the in-memory version of the persisted grant store. This will store consent decisions, authorization codes, refresh and reference tokens in memory only. If you are using any of those features in production, you want to switch to a different store implementation. (553c312b)
2022-10-30T11:54:27.2793229+01:00  [INF] Using the default authentication scheme "Bearer" for IdentityServer (4a54f457)
2022-10-30T11:54:27.2809724+01:00  [INF] Authentication scheme "Bearer" is configured for IdentityServer, but it is not a scheme that supports signin (like cookies). If you support interactive logins via the browser, then a cookie-based scheme should be used. (70b7fc41)
2022-10-30T11:54:31.9770893+01:00  [INF] Application started. Press Ctrl+C to shut down. (dcaefe54)
2022-10-30T11:54:31.9817181+01:00  [INF] Hosting environment: "Development" (c3307c92)
2022-10-30T11:54:31.9834636+01:00  [INF] Content root path: "C:\Users\Admin\source\repos\Gmina\Gmina\Gmina\" (b5d60022)
2022-10-30T11:54:36.7385510+01:00 80000018-0004-fe00-b63f-84710c7967bb [INF] No SPA development server running at https://localhost:44450 found. (faa82a70)
2022-10-30T11:54:36.8392379+01:00 80000018-0004-fe00-b63f-84710c7967bb [INF] SPA proxy is not ready. Returning temporary landing page. (72ef90a5)
2022-10-30T11:54:44.7389628+01:00 80000002-0006-fa00-b63f-84710c7967bb [INF] SPA proxy is not ready. Returning temporary landing page. (72ef90a5)
2022-10-30T11:54:58.5703248+01:00 80000025-0005-f400-b63f-84710c7967bb [INF] SPA proxy is not ready. Returning temporary landing page. (72ef90a5)
2022-10-30T11:55:00.5981641+01:00 80000018-0004-fe00-b63f-84710c7967bb [INF] SPA development server running at 'https://localhost:44450' (88247629)
2022-10-30T11:55:01.6375335+01:00 80000002-0002-fd00-b63f-84710c7967bb [INF] SPA proxy is ready. Redirecting to https://localhost:44450. (8ea0a81a)
2022-10-30T11:55:21.1730745+01:00 8000003c-0000-ff00-b63f-84710c7967bb [INF] Invoking IdentityServer endpoint: "IdentityServer4.Endpoints.TokenEndpoint" for "/connect/token" (f7642de5)
2022-10-30T11:55:21.7647861+01:00 8000003c-0000-ff00-b63f-84710c7967bb [WRN] Invalid password for user. (6d284782)
2022-10-30T11:55:21.7679902+01:00 8000003c-0000-ff00-b63f-84710c7967bb [WRN] User failed to provide the correct password. (a25e98da)
2022-10-30T11:55:22.1142603+01:00 8000003c-0000-ff00-b63f-84710c7967bb [INF] Authentication failed for username: "admin", reason: invalid credentials (61b6995a)
2022-10-30T11:55:22.1489400+01:00 8000003c-0000-ff00-b63f-84710c7967bb [INF] User authentication failed: "invalid_username_or_password", details: TokenRequestValidationLog { ClientId: "quickapp_spa", ClientName: null, GrantType: "password", Scopes: "email offline_access openid phone profile quickapp_api roles", AuthorizationCode: "********", RefreshToken: "********", UserName: "admin", AuthenticationContextReferenceClasses: null, Tenant: null, IdP: null, Raw: [("username": "admin"), ("password": "***REDACTED***"), ("client_id": "quickapp_spa"), ("grant_type": "password"), ("scope": "openid email phone profile offline_access roles quickapp_api")] } (07b239aa)
2022-10-30T11:55:35.0349692+01:00 8000001a-0004-fe00-b63f-84710c7967bb [INF] Invoking IdentityServer endpoint: "IdentityServer4.Endpoints.TokenEndpoint" for "/connect/token" (f7642de5)
2022-10-30T11:55:35.1274343+01:00 8000001a-0004-fe00-b63f-84710c7967bb [INF] Credentials validated for username: "admin" (cb811aa7)
2022-10-30T11:55:35.1437792+01:00 8000001a-0004-fe00-b63f-84710c7967bb [INF] Token request validation success, TokenRequestValidationLog { ClientId: "quickapp_spa", ClientName: null, GrantType: "password", Scopes: "email offline_access openid phone profile quickapp_api roles", AuthorizationCode: "********", RefreshToken: "********", UserName: "admin", AuthenticationContextReferenceClasses: null, Tenant: null, IdP: null, Raw: [("username": "admin"), ("password": "***REDACTED***"), ("client_id": "quickapp_spa"), ("grant_type": "password"), ("scope": "openid email phone profile offline_access roles quickapp_api")] } (3a073258)
2022-10-30T12:05:56.7665202+01:00  [INF] Starting IdentityServer4 version "4.1.2+997a6cdd643e46cd5762b710c4ddc43574cbec2e" (8add0571)
2022-10-30T12:05:56.8133356+01:00  [INF] You are using the in-memory version of the persisted grant store. This will store consent decisions, authorization codes, refresh and reference tokens in memory only. If you are using any of those features in production, you want to switch to a different store implementation. (553c312b)
2022-10-30T12:05:56.8395109+01:00  [INF] Using the default authentication scheme "Bearer" for IdentityServer (4a54f457)
2022-10-30T12:05:56.8411321+01:00  [INF] Authentication scheme "Bearer" is configured for IdentityServer, but it is not a scheme that supports signin (like cookies). If you support interactive logins via the browser, then a cookie-based scheme should be used. (70b7fc41)
2022-10-30T12:06:01.6337852+01:00  [INF] Generating inbuilt accounts (d5983574)
2022-10-30T12:06:01.8822359+01:00  [INF] Generating default role: administrator (6378380e)
2022-10-30T12:06:02.4244401+01:00  [INF] Generating default role: user (66af5219)
2022-10-30T12:06:02.4385563+01:00  [INF] Generating default user: admin (e9745755)
2022-10-30T12:06:02.7486284+01:00  [INF] Generating default user: user (40664e01)
2022-10-30T12:06:02.7813021+01:00  [INF] Inbuilt account generation completed (a663d88d)
2022-10-30T12:06:02.7950229+01:00  [INF] Seeding demo data (450ab6b6)
2022-10-30T12:06:03.2187964+01:00  [INF] Seeding demo data completed (9ad589ff)
2022-10-30T12:06:03.3682854+01:00  [INF] Application started. Press Ctrl+C to shut down. (dcaefe54)
2022-10-30T12:06:03.3700002+01:00  [INF] Hosting environment: "Development" (c3307c92)
2022-10-30T12:06:03.3719743+01:00  [INF] Content root path: "C:\Users\Admin\source\repos\Gmina\Gmina\Gmina\" (b5d60022)
2022-10-30T12:06:08.1627630+01:00 80000027-0005-f400-b63f-84710c7967bb [INF] No SPA development server running at https://localhost:44450 found. (faa82a70)
2022-10-30T12:06:08.2527342+01:00 80000027-0005-f400-b63f-84710c7967bb [INF] SPA proxy is not ready. Returning temporary landing page. (72ef90a5)
2022-10-30T12:06:16.1026201+01:00 8000002b-0005-f400-b63f-84710c7967bb [INF] SPA proxy is not ready. Returning temporary landing page. (72ef90a5)
2022-10-30T12:06:29.8926057+01:00 80000004-0007-fe00-b63f-84710c7967bb [INF] SPA proxy is not ready. Returning temporary landing page. (72ef90a5)
2022-10-30T12:06:31.5185333+01:00 80000027-0005-f400-b63f-84710c7967bb [INF] SPA development server running at 'https://localhost:44450' (88247629)
2022-10-30T12:06:33.0040205+01:00 80000002-0002-fb00-b63f-84710c7967bb [INF] SPA proxy is ready. Redirecting to https://localhost:44450. (8ea0a81a)
2022-10-30T12:14:01.8196899+01:00 80000021-0001-fe00-b63f-84710c7967bb [INF] Invoking IdentityServer endpoint: "IdentityServer4.Endpoints.TokenEndpoint" for "/connect/token" (f7642de5)
2022-10-30T12:14:02.1497597+01:00 80000021-0001-fe00-b63f-84710c7967bb [INF] Credentials validated for username: "admin" (cb811aa7)
2022-10-30T12:14:02.1862390+01:00 80000021-0001-fe00-b63f-84710c7967bb [INF] Token request validation success, TokenRequestValidationLog { ClientId: "quickapp_spa", ClientName: null, GrantType: "password", Scopes: "email offline_access openid phone profile quickapp_api roles", AuthorizationCode: "********", RefreshToken: "********", UserName: "admin", AuthenticationContextReferenceClasses: null, Tenant: null, IdP: null, Raw: [("username": "admin"), ("password": "***REDACTED***"), ("client_id": "quickapp_spa"), ("grant_type": "password"), ("scope": "openid email phone profile offline_access roles quickapp_api")] } (3a073258)
2022-10-30T12:24:50.5994396+01:00  [INF] Starting IdentityServer4 version "4.1.2+997a6cdd643e46cd5762b710c4ddc43574cbec2e" (8add0571)
2022-10-30T12:24:50.6806217+01:00  [INF] You are using the in-memory version of the persisted grant store. This will store consent decisions, authorization codes, refresh and reference tokens in memory only. If you are using any of those features in production, you want to switch to a different store implementation. (553c312b)
2022-10-30T12:24:50.7004051+01:00  [INF] Using the default authentication scheme "Bearer" for IdentityServer (4a54f457)
2022-10-30T12:24:50.7201826+01:00  [INF] Authentication scheme "Bearer" is configured for IdentityServer, but it is not a scheme that supports signin (like cookies). If you support interactive logins via the browser, then a cookie-based scheme should be used. (70b7fc41)
2022-10-30T12:24:54.6611295+01:00  [INF] Application started. Press Ctrl+C to shut down. (dcaefe54)
2022-10-30T12:24:54.6628056+01:00  [INF] Hosting environment: "Development" (c3307c92)
2022-10-30T12:24:54.6652393+01:00  [INF] Content root path: "C:\Users\Admin\source\repos\Gmina\Gmina\Gmina\" (b5d60022)
2022-10-30T12:24:59.4084655+01:00 8000001f-0007-ff00-b63f-84710c7967bb [INF] No SPA development server running at https://localhost:44450 found. (faa82a70)
2022-10-30T12:24:59.5102478+01:00 8000001f-0007-ff00-b63f-84710c7967bb [INF] SPA proxy is not ready. Returning temporary landing page. (72ef90a5)
2022-10-30T12:25:07.2688490+01:00 8000001f-0006-fd00-b63f-84710c7967bb [INF] SPA proxy is not ready. Returning temporary landing page. (72ef90a5)
2022-10-30T12:25:21.0007532+01:00 8000001e-0004-fe00-b63f-84710c7967bb [INF] SPA proxy is not ready. Returning temporary landing page. (72ef90a5)
2022-10-30T12:25:23.2385068+01:00 8000001f-0007-ff00-b63f-84710c7967bb [INF] SPA development server running at 'https://localhost:44450' (88247629)
2022-10-30T12:25:24.0549401+01:00 80000004-0000-fd00-b63f-84710c7967bb [INF] SPA proxy is ready. Redirecting to https://localhost:44450. (8ea0a81a)
2022-10-30T13:12:02.4382903+01:00  [INF] Starting IdentityServer4 version "4.1.2+997a6cdd643e46cd5762b710c4ddc43574cbec2e" (8add0571)
2022-10-30T13:12:02.4985379+01:00  [INF] You are using the in-memory version of the persisted grant store. This will store consent decisions, authorization codes, refresh and reference tokens in memory only. If you are using any of those features in production, you want to switch to a different store implementation. (553c312b)
2022-10-30T13:12:02.5070876+01:00  [INF] Using the default authentication scheme "Bearer" for IdentityServer (4a54f457)
2022-10-30T13:12:02.5088671+01:00  [INF] Authentication scheme "Bearer" is configured for IdentityServer, but it is not a scheme that supports signin (like cookies). If you support interactive logins via the browser, then a cookie-based scheme should be used. (70b7fc41)
2022-10-30T13:12:05.9735174+01:00  [INF] Application started. Press Ctrl+C to shut down. (dcaefe54)
2022-10-30T13:12:05.9753269+01:00  [INF] Hosting environment: "Development" (c3307c92)
2022-10-30T13:12:06.0086959+01:00  [INF] Content root path: "C:\Users\Admin\source\repos\Gmina\Gmina\Gmina\" (b5d60022)
2022-10-30T13:12:10.9805938+01:00 80000021-0007-ff00-b63f-84710c7967bb [INF] No SPA development server running at https://localhost:44450 found. (faa82a70)
2022-10-30T13:12:11.0850117+01:00 80000021-0007-ff00-b63f-84710c7967bb [INF] SPA proxy is not ready. Returning temporary landing page. (72ef90a5)
2022-10-30T13:12:20.0495930+01:00 80000025-0007-ff00-b63f-84710c7967bb [INF] SPA proxy is not ready. Returning temporary landing page. (72ef90a5)
2022-10-30T13:28:53.8141192+01:00  [INF] Starting IdentityServer4 version "4.1.2+997a6cdd643e46cd5762b710c4ddc43574cbec2e" (8add0571)
2022-10-30T13:28:53.8826268+01:00  [INF] You are using the in-memory version of the persisted grant store. This will store consent decisions, authorization codes, refresh and reference tokens in memory only. If you are using any of those features in production, you want to switch to a different store implementation. (553c312b)
2022-10-30T13:28:53.9404426+01:00  [INF] Using the default authentication scheme "Bearer" for IdentityServer (4a54f457)
2022-10-30T13:28:53.9441551+01:00  [INF] Authentication scheme "Bearer" is configured for IdentityServer, but it is not a scheme that supports signin (like cookies). If you support interactive logins via the browser, then a cookie-based scheme should be used. (70b7fc41)
2022-10-30T13:28:57.2733386+01:00  [INF] Generating inbuilt accounts (d5983574)
2022-10-30T13:28:57.5005351+01:00  [INF] Generating default role: administrator (6378380e)
2022-10-30T13:28:58.0775651+01:00  [INF] Generating default role: user (66af5219)
2022-10-30T13:28:58.0887565+01:00  [INF] Generating default user: admin (e9745755)
2022-10-30T13:28:58.3453629+01:00  [INF] Generating default user: user (40664e01)
2022-10-30T13:28:58.3731005+01:00  [INF] Inbuilt account generation completed (a663d88d)
2022-10-30T13:28:58.3845129+01:00  [INF] Seeding demo data (450ab6b6)
2022-10-30T13:28:58.7101254+01:00  [INF] Seeding demo data completed (9ad589ff)
2022-10-30T13:28:58.8409065+01:00  [INF] Application started. Press Ctrl+C to shut down. (dcaefe54)
2022-10-30T13:28:58.8426435+01:00  [INF] Hosting environment: "Development" (c3307c92)
2022-10-30T13:28:58.8461456+01:00  [INF] Content root path: "C:\Users\Admin\source\repos\Gmina\Gmina\Gmina\" (b5d60022)
2022-10-30T13:29:03.6187941+01:00 80000006-0002-fd00-b63f-84710c7967bb [INF] No SPA development server running at https://localhost:44450 found. (faa82a70)
2022-10-30T13:29:03.7190191+01:00 80000006-0002-fd00-b63f-84710c7967bb [INF] SPA proxy is not ready. Returning temporary landing page. (72ef90a5)
2022-10-30T13:29:11.4547554+01:00 80000036-0005-f400-b63f-84710c7967bb [INF] SPA proxy is not ready. Returning temporary landing page. (72ef90a5)
2022-10-30T13:29:25.0612029+01:00 80000027-0007-ff00-b63f-84710c7967bb [INF] SPA proxy is not ready. Returning temporary landing page. (72ef90a5)
2022-10-30T13:29:26.5709558+01:00 80000006-0002-fd00-b63f-84710c7967bb [INF] SPA development server running at 'https://localhost:44450' (88247629)
2022-10-30T13:29:28.1051575+01:00 80000028-0003-fd00-b63f-84710c7967bb [INF] SPA proxy is ready. Redirecting to https://localhost:44450. (8ea0a81a)
2022-10-30T13:41:55.8305625+01:00 80000021-0006-fd00-b63f-84710c7967bb [INF] Invoking IdentityServer endpoint: "IdentityServer4.Endpoints.DiscoveryEndpoint" for "/.well-known/openid-configuration" (f7642de5)
2022-10-30T13:41:55.9475911+01:00 80000022-0006-fd00-b63f-84710c7967bb [INF] Invoking IdentityServer endpoint: "IdentityServer4.Endpoints.DiscoveryKeyEndpoint" for "/.well-known/openid-configuration/jwks" (f7642de5)
2022-10-30T13:41:56.2071855+01:00 80000002-0004-fc00-b63f-84710c7967bb [INF] "Bearer" was not authenticated. Failure message: "IDX10223: Lifetime validation failed. The token is expired. ValidTo: '10/30/2022 12:14:02', Current time: '10/30/2022 12:41:56'." (48071232)
2022-10-30T13:41:56.2071870+01:00 80000002-0004-fd00-b63f-84710c7967bb [INF] "Bearer" was not authenticated. Failure message: "IDX10223: Lifetime validation failed. The token is expired. ValidTo: '10/30/2022 12:14:02', Current time: '10/30/2022 12:41:56'." (48071232)
2022-10-30T13:41:56.2126208+01:00 80000002-0004-fc00-b63f-84710c7967bb [INF] "Bearer" was not authenticated. Failure message: "IDX10223: Lifetime validation failed. The token is expired. ValidTo: '10/30/2022 12:14:02', Current time: '10/30/2022 12:41:56'." (48071232)
2022-10-30T13:41:56.2135189+01:00 80000002-0004-fd00-b63f-84710c7967bb [INF] "Bearer" was not authenticated. Failure message: "IDX10223: Lifetime validation failed. The token is expired. ValidTo: '10/30/2022 12:14:02', Current time: '10/30/2022 12:41:56'." (48071232)
2022-10-30T13:41:56.2551929+01:00 80000002-0004-fd00-b63f-84710c7967bb [INF] AuthenticationScheme: "Bearer" was challenged. (d45f1f38)
2022-10-30T13:41:56.2551940+01:00 80000002-0004-fc00-b63f-84710c7967bb [INF] AuthenticationScheme: "Bearer" was challenged. (d45f1f38)
2022-10-30T13:41:56.3059647+01:00 80000048-0000-ff00-b63f-84710c7967bb [INF] Invoking IdentityServer endpoint: "IdentityServer4.Endpoints.TokenEndpoint" for "/connect/token" (f7642de5)
2022-10-30T13:41:56.4050251+01:00 80000048-0000-ff00-b63f-84710c7967bb [WRN] Invalid refresh token (831190ec)
2022-10-30T13:41:56.4320926+01:00 80000048-0000-ff00-b63f-84710c7967bb [WRN] Refresh token validation failed. aborting, TokenRequestValidationLog { ClientId: "quickapp_spa", ClientName: null, GrantType: "refresh_token", Scopes: null, AuthorizationCode: "********", RefreshToken: "********", UserName: null, AuthenticationContextReferenceClasses: null, Tenant: null, IdP: null, Raw: [("refresh_token": "***REDACTED***"), ("client_id": "quickapp_spa"), ("grant_type": "refresh_token")] } (2c8ee86e)
2022-10-30T13:42:23.7964069+01:00 80000029-0007-ff00-b63f-84710c7967bb [INF] Invoking IdentityServer endpoint: "IdentityServer4.Endpoints.TokenEndpoint" for "/connect/token" (f7642de5)
2022-10-30T13:42:23.9095049+01:00 80000029-0007-ff00-b63f-84710c7967bb [INF] Credentials validated for username: "admin" (cb811aa7)
2022-10-30T13:42:23.9205863+01:00 80000029-0007-ff00-b63f-84710c7967bb [INF] Token request validation success, TokenRequestValidationLog { ClientId: "quickapp_spa", ClientName: null, GrantType: "password", Scopes: "email offline_access openid phone profile quickapp_api roles", AuthorizationCode: "********", RefreshToken: "********", UserName: "admin", AuthenticationContextReferenceClasses: null, Tenant: null, IdP: null, Raw: [("username": "admin"), ("password": "***REDACTED***"), ("client_id": "quickapp_spa"), ("grant_type": "password"), ("scope": "openid email phone profile offline_access roles quickapp_api")] } (3a073258)
2022-10-30T13:43:30.8985669+01:00 8000004a-0000-ff00-b63f-84710c7967bb [WRN] Compiling a query which loads related collections for more than one collection navigation, either via 'Include' or through projection, but no 'QuerySplittingBehavior' has been configured. By default, Entity Framework will use 'QuerySplittingBehavior.SingleQuery', which can potentially result in slow query performance. See https://go.microsoft.com/fwlink/?linkid=2134277 for more information. To identify the query that's triggering this warning call 'ConfigureWarnings(w => w.Throw(RelationalEventId.MultipleCollectionIncludeWarning))'. (4c53259e)
2022-10-30T13:46:26.9058582+01:00 80000008-0002-fd00-b63f-84710c7967bb [INF] Invoking IdentityServer endpoint: "IdentityServer4.Endpoints.TokenEndpoint" for "/connect/token" (f7642de5)
2022-10-30T13:46:26.9197670+01:00 80000008-0002-fd00-b63f-84710c7967bb [INF] Credentials validated for username: "superadmin.tadeusz1" (cb811aa7)
2022-10-30T13:46:26.9216310+01:00 80000008-0002-fd00-b63f-84710c7967bb [INF] Token request validation success, TokenRequestValidationLog { ClientId: "quickapp_spa", ClientName: null, GrantType: "password", Scopes: "email offline_access openid phone profile quickapp_api roles", AuthorizationCode: "********", RefreshToken: "********", UserName: "superadmin.tadeusz1", AuthenticationContextReferenceClasses: null, Tenant: null, IdP: null, Raw: [("username": "superadmin.tadeusz1"), ("password": "***REDACTED***"), ("client_id": "quickapp_spa"), ("grant_type": "password"), ("scope": "openid email phone profile offline_access roles quickapp_api")] } (3a073258)
2022-10-30T13:48:09.5746218+01:00 8000000a-0004-fc00-b63f-84710c7967bb [INF] Invoking IdentityServer endpoint: "IdentityServer4.Endpoints.TokenEndpoint" for "/connect/token" (f7642de5)
2022-10-30T13:48:09.5895800+01:00 8000000a-0004-fc00-b63f-84710c7967bb [INF] Credentials validated for username: "superadmin.tadeusz1" (cb811aa7)
2022-10-30T13:48:09.5921615+01:00 8000000a-0004-fc00-b63f-84710c7967bb [INF] Token request validation success, TokenRequestValidationLog { ClientId: "quickapp_spa", ClientName: null, GrantType: "password", Scopes: "email offline_access openid phone profile quickapp_api roles", AuthorizationCode: "********", RefreshToken: "********", UserName: "superadmin.tadeusz1", AuthenticationContextReferenceClasses: null, Tenant: null, IdP: null, Raw: [("username": "superadmin.tadeusz1"), ("password": "***REDACTED***"), ("client_id": "quickapp_spa"), ("grant_type": "password"), ("scope": "openid email phone profile offline_access roles quickapp_api")] } (3a073258)
2022-10-30T14:01:41.9473436+01:00 80000054-0000-ff00-b63f-84710c7967bb [INF] Invoking IdentityServer endpoint: "IdentityServer4.Endpoints.TokenEndpoint" for "/connect/token" (f7642de5)
2022-10-30T14:01:41.9796964+01:00 80000054-0000-ff00-b63f-84710c7967bb [INF] No user found matching username: "t.tadek@cos.nie" (cd7b29f8)
2022-10-30T14:01:41.9825123+01:00 80000054-0000-ff00-b63f-84710c7967bb [INF] User authentication failed: "invalid_username_or_password", details: TokenRequestValidationLog { ClientId: "quickapp_spa", ClientName: null, GrantType: "password", Scopes: "email offline_access openid phone profile quickapp_api roles", AuthorizationCode: "********", RefreshToken: "********", UserName: "t.tadek@cos.nie", AuthenticationContextReferenceClasses: null, Tenant: null, IdP: null, Raw: [("username": "t.tadek@cos.nie"), ("password": "***REDACTED***"), ("client_id": "quickapp_spa"), ("grant_type": "password"), ("scope": "openid email phone profile offline_access roles quickapp_api")] } (07b239aa)
2022-10-30T14:01:44.6437745+01:00 8000000e-0004-fc00-b63f-84710c7967bb [INF] Invoking IdentityServer endpoint: "IdentityServer4.Endpoints.TokenEndpoint" for "/connect/token" (f7642de5)
2022-10-30T14:01:44.6491905+01:00 8000000e-0004-fc00-b63f-84710c7967bb [INF] No user found matching username: "t.tadek@cos.nie" (cd7b29f8)
2022-10-30T14:01:44.6521967+01:00 8000000e-0004-fc00-b63f-84710c7967bb [INF] User authentication failed: "invalid_username_or_password", details: TokenRequestValidationLog { ClientId: "quickapp_spa", ClientName: null, GrantType: "password", Scopes: "email offline_access openid phone profile quickapp_api roles", AuthorizationCode: "********", RefreshToken: "********", UserName: "t.tadek@cos.nie", AuthenticationContextReferenceClasses: null, Tenant: null, IdP: null, Raw: [("username": "t.tadek@cos.nie"), ("password": "***REDACTED***"), ("client_id": "quickapp_spa"), ("grant_type": "password"), ("scope": "openid email phone profile offline_access roles quickapp_api")] } (07b239aa)
2022-10-30T14:01:50.5163986+01:00 80000010-0004-fc00-b63f-84710c7967bb [INF] Invoking IdentityServer endpoint: "IdentityServer4.Endpoints.TokenEndpoint" for "/connect/token" (f7642de5)
2022-10-30T14:01:50.5351843+01:00 80000010-0004-fc00-b63f-84710c7967bb [INF] Credentials validated for username: "superadmin.tadeusz1" (cb811aa7)
2022-10-30T14:01:50.5374280+01:00 80000010-0004-fc00-b63f-84710c7967bb [INF] Token request validation success, TokenRequestValidationLog { ClientId: "quickapp_spa", ClientName: null, GrantType: "password", Scopes: "email offline_access openid phone profile quickapp_api roles", AuthorizationCode: "********", RefreshToken: "********", UserName: "superadmin.tadeusz1", AuthenticationContextReferenceClasses: null, Tenant: null, IdP: null, Raw: [("username": "superadmin.tadeusz1"), ("password": "***REDACTED***"), ("client_id": "quickapp_spa"), ("grant_type": "password"), ("scope": "openid email phone profile offline_access roles quickapp_api")] } (3a073258)
